<?xml version="1.0" encoding="UTF-8"?>
<!-- Generated by org.testng.reporters.JUnitReportReporter -->
<testsuite skipped="0" hostname="LAPTOP-RVI76CRO" name="test.ValidateMonthTest" tests="1" failures="0" timestamp="2022-11-14T12:50:56 CST" time="20.282" errors="0">
  <testcase name="getMonthList" time="20.282" classname="test.ValidateMonthTest"/>
  <system-out/>
</testsuite> <!-- test.ValidateMonthTest -->
