<?xml version="1.0" encoding="UTF-8"?>
<!-- Generated by org.testng.reporters.JUnitReportReporter -->
<testsuite skipped="0" hostname="LAPTOP-RVI76CRO" name="test.DuplicateCategoryTest" tests="1" failures="0" timestamp="2022-11-14T11:59:36 CST" time="4.201" errors="0">
  <testcase name="DuplicatedMessageTest" time="4.201" classname="test.DuplicateCategoryTest"/>
  <system-out/>
</testsuite> <!-- test.DuplicateCategoryTest -->
