<?xml version="1.0" encoding="UTF-8"?>
<!-- Generated by org.testng.reporters.JUnitReportReporter -->
<testsuite skipped="0" hostname="LAPTOP-RVI76CRO" name="test.AddCategoryTest" tests="1" failures="0" timestamp="2022-11-14T11:58:18 CST" time="4.948" errors="0">
  <testcase name="add_CategoryTest" time="4.948" classname="test.AddCategoryTest"/>
  <system-out/>
</testsuite> <!-- test.AddCategoryTest -->
